TN:
SF:src\modules\appointments\services\CreateAppointmentService.ts
FN:19,(anonymous_18)
FN:20,CreateAppointmentService
FN:31,(anonymous_20)
FNF:3
FNH:3
FNDA:1,(anonymous_18)
FNDA:5,CreateAppointmentService
FNDA:7,(anonymous_20)
DA:1,1
DA:2,1
DA:8,1
DA:19,1
DA:22,5
DA:25,5
DA:28,5
DA:31,1
DA:32,7
DA:33,7
DA:34,7
DA:36,7
DA:38,7
DA:39,2
DA:42,5
DA:43,1
DA:46,4
DA:47,1
DA:50,3
DA:55,3
DA:56,1
DA:59,2
DA:65,2
DA:67,4
DA:72,4
DA:79,2
DA:81,1
DA:83,1
LF:28
LH:28
BRDA:38,0,0,2
BRDA:38,0,1,5
BRDA:42,1,0,1
BRDA:42,1,1,4
BRDA:46,2,0,1
BRDA:46,2,1,3
BRDA:46,3,0,4
BRDA:46,3,1,3
BRDA:55,4,0,1
BRDA:55,4,1,2
BRF:10
BRH:10
end_of_record
TN:
SF:src\modules\appointments\services\ListProviderAppointmentsService.ts
FN:16,(anonymous_17)
FN:17,ListProviderMonthAvailabilityService
FN:25,(anonymous_19)
FNF:3
FNH:3
FNDA:1,(anonymous_17)
FNDA:1,ListProviderMonthAvailabilityService
FNDA:1,(anonymous_19)
DA:1,1
DA:2,1
DA:16,1
DA:19,1
DA:22,1
DA:25,1
DA:26,1
DA:27,1
DA:28,1
DA:29,1
DA:31,1
DA:38,1
DA:39,1
DA:48,2
DA:51,1
DA:53,1
DA:55,1
LF:17
LH:17
BRDA:51,0,0,1
BRDA:38,1,0,0
BRDA:38,1,1,1
BRF:3
BRH:2
end_of_record
TN:
SF:src\modules\appointments\services\ListProviderDayAvailabilityService.ts
FN:19,(anonymous_17)
FN:20,ListProviderDayAvailabilityService
FN:25,(anonymous_19)
FN:44,(anonymous_22)
FN:48,(anonymous_23)
FN:50,(anonymous_24)
FNF:6
FNH:6
FNDA:1,(anonymous_17)
FNDA:1,ListProviderDayAvailabilityService
FNDA:1,(anonymous_19)
FNDA:10,(anonymous_22)
FNDA:10,(anonymous_23)
FNDA:19,(anonymous_24)
DA:1,1
DA:2,1
DA:19,1
DA:22,1
DA:25,1
DA:26,1
DA:27,1
DA:28,1
DA:29,1
DA:31,1
DA:40,1
DA:42,1
DA:44,10
DA:47,1
DA:48,1
DA:49,10
DA:50,19
DA:53,10
DA:55,10
DA:61,1
DA:63,1
DA:65,1
LF:22
LH:22
BRDA:31,0,0,1
BRDA:57,1,0,10
BRDA:57,1,1,8
BRF:3
BRH:3
end_of_record
TN:
SF:src\modules\appointments\services\ListProviderMonthAvailabilityService.ts
FN:17,(anonymous_17)
FN:18,ListProviderMonthAvailabilityService
FN:23,(anonymous_19)
FN:40,(anonymous_22)
FN:43,(anonymous_23)
FN:46,(anonymous_24)
FNF:6
FNH:6
FNDA:1,(anonymous_17)
FNDA:1,ListProviderMonthAvailabilityService
FNDA:1,(anonymous_19)
FNDA:30,(anonymous_22)
FNDA:30,(anonymous_23)
FNDA:330,(anonymous_24)
DA:1,1
DA:2,1
DA:17,1
DA:20,1
DA:23,1
DA:24,1
DA:25,1
DA:26,1
DA:28,1
DA:36,1
DA:38,1
DA:40,30
DA:43,1
DA:44,30
DA:46,30
DA:47,330
DA:49,30
DA:55,1
DA:57,1
DA:59,1
LF:20
LH:20
BRDA:28,0,0,1
BRDA:52,1,0,30
BRDA:52,1,1,30
BRF:3
BRH:3
end_of_record
TN:
SF:src\modules\appointments\services\ListProvidersService.ts
FN:13,(anonymous_17)
FN:14,ListProvidersService
FN:22,(anonymous_19)
FNF:3
FNH:3
FNDA:1,(anonymous_17)
FNDA:1,ListProvidersService
FNDA:1,(anonymous_19)
DA:1,1
DA:13,1
DA:16,1
DA:19,1
DA:22,1
DA:23,1
DA:27,1
DA:28,1
DA:32,2
DA:35,1
DA:37,1
DA:39,1
LF:12
LH:12
BRDA:23,0,0,1
BRDA:23,0,1,1
BRDA:27,1,0,0
BRDA:27,1,1,1
BRF:4
BRH:3
end_of_record
TN:
SF:src\modules\users\services\AuthicateUserService.ts
FN:24,(anonymous_18)
FN:25,AuthenticateUserService
FN:33,(anonymous_20)
FNF:3
FNH:3
FNDA:1,(anonymous_18)
FNDA:3,AuthenticateUserService
FNDA:3,(anonymous_20)
DA:1,1
DA:2,1
DA:7,1
DA:9,1
DA:24,1
DA:27,3
DA:30,3
DA:33,3
DA:34,3
DA:36,3
DA:37,1
DA:40,2
DA:45,2
DA:46,1
DA:49,1
DA:51,1
DA:56,1
DA:61,1
DA:63,1
LF:19
LH:19
BRDA:34,0,0,3
BRDA:36,1,0,1
BRDA:36,1,1,2
BRDA:45,2,0,1
BRDA:45,2,1,1
BRF:5
BRH:5
end_of_record
TN:
SF:src\modules\users\services\CreateUserService.ts
FN:20,(anonymous_18)
FN:21,CreateUserService
FN:32,(anonymous_20)
FNF:3
FNH:3
FNDA:2,(anonymous_18)
FNDA:5,CreateUserService
FNDA:5,(anonymous_20)
DA:1,2
DA:2,2
DA:9,2
DA:20,2
DA:23,5
DA:26,5
DA:29,5
DA:32,5
DA:33,5
DA:35,5
DA:36,1
DA:39,4
DA:41,4
DA:47,8
DA:49,4
DA:51,2
DA:53,2
LF:17
LH:17
BRDA:33,0,0,5
BRDA:35,1,0,1
BRDA:35,1,1,4
BRF:3
BRH:3
end_of_record
TN:
SF:src\modules\users\services\ResetPasswordService.ts
FN:20,(anonymous_18)
FN:21,ResetPassowrdService
FN:32,(anonymous_20)
FNF:3
FNH:3
FNDA:1,(anonymous_18)
FNDA:4,ResetPassowrdService
FNDA:4,(anonymous_20)
DA:1,1
DA:2,1
DA:3,1
DA:10,1
DA:20,1
DA:23,4
DA:26,4
DA:29,4
DA:32,4
DA:33,4
DA:35,4
DA:36,1
DA:39,3
DA:41,3
DA:42,1
DA:45,2
DA:46,2
DA:48,2
DA:49,1
DA:52,1
DA:54,2
DA:56,1
DA:58,1
LF:23
LH:23
BRDA:33,0,0,4
BRDA:35,1,0,1
BRDA:35,1,1,3
BRDA:41,2,0,1
BRDA:41,2,1,2
BRDA:48,3,0,1
BRDA:48,3,1,1
BRF:7
BRH:7
end_of_record
TN:
SF:src\modules\users\services\SendForgotPasswordEmailService.ts
FN:16,(anonymous_18)
FN:17,SendForgotPasswordEmailService
FN:28,(anonymous_20)
FNF:3
FNH:3
FNDA:1,(anonymous_18)
FNDA:3,SendForgotPasswordEmailService
FNDA:3,(anonymous_20)
DA:1,1
DA:2,1
DA:3,1
DA:5,1
DA:16,1
DA:19,3
DA:22,3
DA:25,3
DA:28,3
DA:29,3
DA:31,3
DA:32,1
DA:35,2
DA:37,2
DA:44,4
DA:59,1
DA:61,1
LF:17
LH:17
BRDA:29,0,0,3
BRDA:31,1,0,1
BRDA:31,1,1,2
BRF:3
BRH:3
end_of_record
TN:
SF:src\modules\users\services\ShowProfileService.ts
FN:14,(anonymous_18)
FN:15,ShowProfileService
FN:20,(anonymous_20)
FNF:3
FNH:3
FNDA:1,(anonymous_18)
FNDA:2,ShowProfileService
FNDA:2,(anonymous_20)
DA:1,1
DA:3,1
DA:14,1
DA:17,2
DA:20,2
DA:21,2
DA:23,2
DA:24,1
DA:27,1
DA:29,1
DA:31,1
LF:11
LH:11
BRDA:21,0,0,2
BRDA:23,1,0,1
BRDA:23,1,1,1
BRF:3
BRH:3
end_of_record
TN:
SF:src\modules\users\services\UpdateProfileService.ts
FN:19,(anonymous_18)
FN:20,UpdateProfileService
FN:28,(anonymous_20)
FNF:3
FNH:3
FNDA:1,(anonymous_18)
FNDA:6,UpdateProfileService
FNDA:6,(anonymous_20)
DA:1,1
DA:3,1
DA:19,1
DA:22,6
DA:25,6
DA:28,1
DA:29,6
DA:30,6
DA:31,6
DA:32,6
DA:33,6
DA:35,6
DA:37,6
DA:38,1
DA:41,5
DA:43,5
DA:44,1
DA:47,4
DA:48,4
DA:50,4
DA:51,1
DA:56,4
DA:57,2
DA:61,2
DA:62,1
DA:64,1
DA:67,2
DA:69,1
DA:71,1
LF:29
LH:29
BRDA:35,0,0,6
BRDA:35,0,1,2
BRDA:37,1,0,1
BRDA:37,1,1,5
BRDA:43,2,0,1
BRDA:43,2,1,4
BRDA:43,3,0,5
BRDA:43,3,1,1
BRDA:50,4,0,1
BRDA:50,4,1,3
BRDA:50,5,0,4
BRDA:50,5,1,3
BRDA:56,6,0,1
BRDA:56,6,1,2
BRDA:56,7,0,3
BRDA:56,7,1,2
BRDA:61,8,0,1
BRDA:61,8,1,1
BRF:18
BRH:18
end_of_record
TN:
SF:src\modules\users\services\UpdateUserAvatarService.ts
FN:16,(anonymous_18)
FN:17,UpdateUserAvatarService
FN:25,(anonymous_20)
FNF:3
FNH:3
FNDA:1,(anonymous_18)
FNDA:3,UpdateUserAvatarService
FNDA:4,(anonymous_20)
DA:1,1
DA:6,1
DA:16,1
DA:19,3
DA:22,3
DA:25,1
DA:26,4
DA:27,4
DA:29,4
DA:31,4
DA:32,1
DA:36,5
DA:37,2
DA:40,3
DA:42,3
DA:44,6
DA:46,3
DA:48,1
DA:50,1
LF:19
LH:19
BRDA:29,0,0,4
BRDA:29,0,1,3
BRDA:31,1,0,1
BRDA:31,1,1,3
BRDA:36,2,0,2
BRDA:36,2,1,1
BRF:6
BRH:6
end_of_record
